[    0.000000] Initializing cgroup subsys cpuset
[    0.000000] Initializing cgroup subsys cpu
[    0.000000] Initializing cgroup subsys cpuacct
[    0.000000] Linux version 4.4.0-210-generic (buildd@lgw01-amd64-009) (gcc version 5.4.0 20160609 (Ubuntu 5.4.0-6ubuntu1~16.04.12) ) #242-Ubuntu SMP Fri Apr 16 09:57:56 UTC 2021 (Ubuntu 4.4.0-210.242-generic 4.4.262)
[    0.000000] Command line: BOOT_IMAGE=/boot/vmlinuz-4.4.0-210-generic root=LABEL=cloudimg-rootfs ro console=tty1 console=ttyS0
[    0.000000] KERNEL supported cpus:
[    0.000000]   Intel GenuineIntel
[    0.000000]   AMD AuthenticAMD
[    0.000000]   Centaur CentaurHauls
[    0.000000] x86/fpu: Legacy x87 FPU detected.
[    0.000000] e820: BIOS-provided physical RAM map:
[    0.000000] BIOS-e820: [mem 0x0000000000000000-0x000000000009fbff] usable
[    0.000000] BIOS-e820: [mem 0x000000000009fc00-0x000000000009ffff] reserved
[    0.000000] BIOS-e820: [mem 0x00000000000f0000-0x00000000000fffff] reserved
[    0.000000] BIOS-e820: [mem 0x0000000000100000-0x000000007ffeffff] usable
[    0.000000] BIOS-e820: [mem 0x000000007fff0000-0x000000007fffffff] ACPI data
[    0.000000] BIOS-e820: [mem 0x00000000fec00000-0x00000000fec00fff] reserved
[    0.000000] BIOS-e820: [mem 0x00000000fee00000-0x00000000fee00fff] reserved
[    0.000000] BIOS-e820: [mem 0x00000000fffc0000-0x00000000ffffffff] reserved
[    0.000000] NX (Execute Disable) protection: active
[    0.000000] SMBIOS 2.5 present.
[    0.000000] Hypervisor detected: KVM
[    0.000000] Kernel/User page tables isolation: disabled
[    0.000000] e820: last_pfn = 0x7fff0 max_arch_pfn = 0x400000000
[    0.000000] MTRR: Disabled
[    0.000000] x86/PAT: MTRRs disabled, skipping PAT initialization too.
[    0.000000] CPU MTRRs all blank - virtualized system.
[    0.000000] x86/PAT: Configuration [0-7]: WB  WT  UC- UC  WB  WT  UC- UC  
[    0.000000] found SMP MP-table at [mem 0x0009fff0-0x0009ffff] mapped at [ffff88000009fff0]
[    0.000000] Scanning 1 areas for low memory corruption
[    0.000000] RAMDISK: [mem 0x362dc000-0x37165fff]
[    0.000000] ACPI: Early table checksum verification disabled
[    0.000000] ACPI: RSDP 0x00000000000E0000 000024 (v02 VBOX  )
[    0.000000] ACPI: XSDT 0x000000007FFF0030 00003C (v01 VBOX   VBOXXSDT 00000001 ASL  00000061)
[    0.000000] ACPI: FACP 0x000000007FFF00F0 0000F4 (v04 VBOX   VBOXFACP 00000001 ASL  00000061)
[    0.000000] ACPI: DSDT 0x000000007FFF0470 002325 (v02 VBOX   VBOXBIOS 00000002 INTL 20100528)
[    0.000000] ACPI: FACS 0x000000007FFF0200 000040
[    0.000000] ACPI: FACS 0x000000007FFF0200 000040
[    0.000000] ACPI: APIC 0x000000007FFF0240 00005C (v02 VBOX   VBOXAPIC 00000001 ASL  00000061)
[    0.000000] ACPI: SSDT 0x000000007FFF02A0 0001CC (v01 VBOX   VBOXCPUT 00000002 INTL 20100528)
[    0.000000] No NUMA configuration found
[    0.000000] Faking a node at [mem 0x0000000000000000-0x000000007ffeffff]
[    0.000000] NODE_DATA(0) allocated [mem 0x7ffeb000-0x7ffeffff]
[    0.000000] kvm-clock: Using msrs 4b564d01 and 4b564d00
[    0.000000] kvm-clock: cpu 0, msr 0:7ffe3001, primary cpu clock
[    0.000000] kvm-clock: using sched offset of 5073450621 cycles
[    0.000000] clocksource: kvm-clock: mask: 0xffffffffffffffff max_cycles: 0x1cd42e4dffb, max_idle_ns: 881590591483 ns
[    0.000000] Zone ranges:
[    0.000000]   DMA      [mem 0x0000000000001000-0x0000000000ffffff]
[    0.000000]   DMA32    [mem 0x0000000001000000-0x000000007ffeffff]
[    0.000000]   Normal   empty
[    0.000000]   Device   empty
[    0.000000] Movable zone start for each node
[    0.000000] Early memory node ranges
[    0.000000]   node   0: [mem 0x0000000000001000-0x000000000009efff]
[    0.000000]   node   0: [mem 0x0000000000100000-0x000000007ffeffff]
[    0.000000] Initmem setup node 0 [mem 0x0000000000001000-0x000000007ffeffff]
[    0.000000] ACPI: PM-Timer IO Port: 0x4008
[    0.000000] IOAPIC[0]: apic_id 2, version 32, address 0xfec00000, GSI 0-23
[    0.000000] ACPI: INT_SRC_OVR (bus 0 bus_irq 0 global_irq 2 dfl dfl)
[    0.000000] ACPI: INT_SRC_OVR (bus 0 bus_irq 9 global_irq 9 low level)
[    0.000000] Using ACPI (MADT) for SMP configuration information
[    0.000000] smpboot: Allowing 2 CPUs, 0 hotplug CPUs
[    0.000000] PM: Registered nosave memory: [mem 0x00000000-0x00000fff]
[    0.000000] PM: Registered nosave memory: [mem 0x0009f000-0x0009ffff]
[    0.000000] PM: Registered nosave memory: [mem 0x000a0000-0x000effff]
[    0.000000] PM: Registered nosave memory: [mem 0x000f0000-0x000fffff]
[    0.000000] e820: [mem 0x80000000-0xfebfffff] available for PCI devices
[    0.000000] Booting paravirtualized kernel on KVM
[    0.000000] clocksource: refined-jiffies: mask: 0xffffffff max_cycles: 0xffffffff, max_idle_ns: 7645519600211568 ns
[    0.000000] setup_percpu: NR_CPUS:512 nr_cpumask_bits:512 nr_cpu_ids:2 nr_node_ids:1
[    0.000000] PERCPU: Embedded 33 pages/cpu @ffff88007fc00000 s95192 r8192 d31784 u1048576
[    0.000000] Built 1 zonelists in Node order, mobility grouping on.  Total pages: 515960
[    0.000000] Policy zone: DMA32
[    0.000000] Kernel command line: BOOT_IMAGE=/boot/vmlinuz-4.4.0-210-generic root=LABEL=cloudimg-rootfs ro console=tty1 console=ttyS0
[    0.000000] PID hash table entries: 4096 (order: 3, 32768 bytes)
[    0.000000] Memory: 2029984K/2096696K available (8644K kernel code, 1332K rwdata, 4044K rodata, 1492K init, 1164K bss, 66712K reserved, 0K cma-reserved)
[    0.000000] SLUB: HWalign=64, Order=0-3, MinObjects=0, CPUs=2, Nodes=1
[    0.000000] Hierarchical RCU implementation.
[    0.000000] 	Build-time adjustment of leaf fanout to 64.
[    0.000000] 	RCU restricting CPUs from NR_CPUS=512 to nr_cpu_ids=2.
[    0.000000] RCU: Adjusting geometry for rcu_fanout_leaf=64, nr_cpu_ids=2
[    0.000000] NR_IRQS:33024 nr_irqs:440 16
[    0.000000] Console: colour VGA+ 80x25
[    0.000000] console [tty1] enabled
[    0.000000] console [ttyS0] enabled
[    0.000000] tsc: Detected 1992.005 MHz processor
[    1.271812] Calibrating delay loop (skipped) preset value.. 3984.01 BogoMIPS (lpj=7968020)
[    1.283545] pid_max: default: 32768 minimum: 301
[    1.290877] ACPI: Core revision 20150930
[    1.299590] ACPI: 2 ACPI AML tables successfully acquired and loaded
[    1.311175] Security Framework initialized
[    1.319786] Yama: becoming mindful.
[    1.327393] AppArmor: AppArmor initialized
[    1.338663] Dentry cache hash table entries: 262144 (order: 9, 2097152 bytes)
[    1.378591] Inode-cache hash table entries: 131072 (order: 8, 1048576 bytes)
[    1.408496] Mount-cache hash table entries: 4096 (order: 3, 32768 bytes)
[    1.423809] Mountpoint-cache hash table entries: 4096 (order: 3, 32768 bytes)
[    1.443302] Initializing cgroup subsys io
[    1.453149] Initializing cgroup subsys memory
[    1.459793] Initializing cgroup subsys devices
[    1.470128] Initializing cgroup subsys freezer
[    1.479987] Initializing cgroup subsys net_cls
[    1.492252] Initializing cgroup subsys perf_event
[    1.499078] Initializing cgroup subsys net_prio
[    1.508098] Initializing cgroup subsys hugetlb
[    1.519304] Initializing cgroup subsys pids
[    1.530587] mce: CPU supports 0 MCE banks
[    1.539679] Last level iTLB entries: 4KB 64, 2MB 8, 4MB 8
[    1.552259] Last level dTLB entries: 4KB 64, 2MB 0, 4MB 0, 1GB 4
[    1.567419] Spectre V1 : Mitigation: usercopy/swapgs barriers and __user pointer sanitization
[    1.590526] Spectre V2 : Mitigation: Enhanced IBRS
[    1.600964] Spectre V2 : Spectre v2 / SpectreRSB mitigation: Filling RSB on context switch
[    1.616674] Speculative Store Bypass: Vulnerable
[    1.624869] MDS: Mitigation: Clear CPU buffers
[    1.692236] Freeing SMP alternatives memory: 36K
[    1.823211] ftrace: allocating 32380 entries in 127 pages
[    2.658011] smpboot: APIC(0) Converting physical 0 to logical package 0
[    2.670054] smpboot: Max logical packages: 1
[    2.694727] ..TIMER: vector=0x30 apic1=0 pin1=2 apic2=-1 pin2=-1
[    2.810897] smpboot: CPU0: Intel(R) Core(TM) i7-8565U CPU @ 1.80GHz (family: 0x6, model: 0x8e, stepping: 0xc)
[    2.822934] Performance Events: unsupported p6 CPU model 142 no PMU driver, software events only.
[    2.941228] KVM setup paravirtual spinlock
[    2.950151] x86: Booting SMP configuration:
[    2.955842] .... node  #0, CPUs:      #1
[    2.963626] kvm-clock: cpu 1, msr 0:7ffe3041, secondary cpu clock
[    2.970528] mce: CPU supports 0 MCE banks
[    2.976095] TSC synchronization [CPU#0 -> CPU#1]:
[    2.981156] Measured 39872 cycles TSC warp between CPUs, turning off TSC clock.
[    2.989913] tsc: Marking TSC unstable due to check_tsc_sync_source failed
[    0.657174] x86: Booted up 1 node, 2 CPUs
[    0.660004] smpboot: Total of 2 processors activated (7968.02 BogoMIPS)
[    0.668556] devtmpfs: initialized
[    0.676715] evm: security.selinux
[    0.680003] evm: security.SMACK64
[    0.684003] evm: security.SMACK64EXEC
[    0.688003] evm: security.SMACK64TRANSMUTE
[    0.692006] evm: security.SMACK64MMAP
[    0.696003] evm: security.ima
[    0.700008] evm: security.capability
[    0.708577] clocksource: jiffies: mask: 0xffffffff max_cycles: 0xffffffff, max_idle_ns: 7645041785100000 ns
[    0.712017] futex hash table entries: 512 (order: 3, 32768 bytes)
[    0.716398] pinctrl core: initialized pinctrl subsystem
[    0.724477] RTC time:  3:59:30, date: 08/11/21
[    0.729081] NET: Registered protocol family 16
[    0.744012] cpuidle: using governor ladder
[    0.760011] cpuidle: using governor menu
[    0.764012] PCCT header not found.
[    0.768109] ACPI: bus type PCI registered
[    0.772004] acpiphp: ACPI Hot Plug PCI Controller Driver version: 0.5
[    0.776468] PCI: Using configuration type 1 for base access
[    0.804367] ACPI: Added _OSI(Module Device)
[    0.808004] ACPI: Added _OSI(Processor Device)
[    0.812003] ACPI: Added _OSI(3.0 _SCP Extensions)
[    0.816004] ACPI: Added _OSI(Processor Aggregator Device)
[    0.821567] ACPI: Executed 1 blocks of module-level executable AML code
[    0.837103] ACPI: Interpreter enabled
[    0.840016] ACPI: (supports S0 S5)
[    0.844003] ACPI: Using IOAPIC for interrupt routing
[    0.848407] PCI: Using host bridge windows from ACPI; if necessary, use "pci=nocrs" and report a bug
[    0.862024] ACPI: PCI Root Bridge [PCI0] (domain 0000 [bus 00-ff])
[    0.864012] acpi PNP0A03:00: _OSC: OS supports [ASPM ClockPM Segments MSI]
[    0.868742] acpi PNP0A03:00: _OSC: not requesting OS control; OS requires [ExtendedConfig ASPM ClockPM MSI]
[    0.872013] acpi PNP0A03:00: fail to add MMCONFIG information, can't access extended PCI configuration space under this bridge.
[    0.876807] PCI host bridge to bus 0000:00
[    0.880008] pci_bus 0000:00: root bus resource [io  0x0000-0x0cf7 window]
[    0.884007] pci_bus 0000:00: root bus resource [io  0x0d00-0xffff window]
[    0.888005] pci_bus 0000:00: root bus resource [mem 0x000a0000-0x000bffff window]
[    0.892008] pci_bus 0000:00: root bus resource [mem 0x80000000-0xfdffffff window]
[    0.896055] pci_bus 0000:00: root bus resource [bus 00-ff]
[    0.908619] pci 0000:00:01.1: legacy IDE quirk: reg 0x10: [io  0x01f0-0x01f7]
[    0.912006] pci 0000:00:01.1: legacy IDE quirk: reg 0x14: [io  0x03f6]
[    0.916005] pci 0000:00:01.1: legacy IDE quirk: reg 0x18: [io  0x0170-0x0177]
[    0.920005] pci 0000:00:01.1: legacy IDE quirk: reg 0x1c: [io  0x0376]
[    1.012377] pci 0000:00:07.0: quirk: [io  0x4000-0x403f] claimed by PIIX4 ACPI
[    1.048054] pci 0000:00:07.0: quirk: [io  0x4100-0x410f] claimed by PIIX4 SMB
[    1.100617] ACPI: PCI Interrupt Link [LNKA] (IRQs 5 9 10 *11)
[    1.180757] ACPI: PCI Interrupt Link [LNKB] (IRQs 5 9 *10 11)
[    1.212313] ACPI: PCI Interrupt Link [LNKC] (IRQs 5 *9 10 11)
[    1.241523] ACPI: PCI Interrupt Link [LNKD] (IRQs 5 9 10 *11)
[    1.272303] ACPI: Enabled 2 GPEs in block 00 to 07
[    1.292332] vgaarb: setting as boot device: PCI:0000:00:02.0
[    1.296000] vgaarb: device added: PCI:0000:00:02.0,decodes=io+mem,owns=io+mem,locks=none
[    1.336012] vgaarb: loaded
[    1.344006] vgaarb: bridge control possible 0000:00:02.0
[    1.360411] SCSI subsystem initialized
[    1.376478] ACPI: bus type USB registered
[    1.384069] usbcore: registered new interface driver usbfs
[    1.392086] usbcore: registered new interface driver hub
[    1.404029] usbcore: registered new device driver usb
[    1.412744] PCI: Using ACPI for IRQ routing
[    1.421149] NetLabel: Initializing
[    1.428006] NetLabel:  domain hash size = 128
[    1.440005] NetLabel:  protocols = UNLABELED CIPSOv4
[    1.448091] NetLabel:  unlabeled traffic allowed by default
[    1.456161] amd_nb: Cannot enumerate AMD northbridges
[    1.468460] clocksource: Switched to clocksource kvm-clock
[    1.543375] AppArmor: AppArmor Filesystem Enabled
[    1.550238] pnp: PnP ACPI init
[    1.557936] pnp: PnP ACPI: found 3 devices
[    1.576892] clocksource: acpi_pm: mask: 0xffffff max_cycles: 0xffffff, max_idle_ns: 2085701024 ns
[    1.591585] NET: Registered protocol family 2
[    1.601759] TCP established hash table entries: 16384 (order: 5, 131072 bytes)
[    1.613973] TCP bind hash table entries: 16384 (order: 6, 262144 bytes)
[    1.625180] TCP: Hash tables configured (established 16384 bind 16384)
[    1.634472] UDP hash table entries: 1024 (order: 3, 32768 bytes)
[    1.642980] UDP-Lite hash table entries: 1024 (order: 3, 32768 bytes)
[    1.652845] NET: Registered protocol family 1
[    1.659344] pci 0000:00:00.0: Limiting direct PCI/PCI transfers
[    1.670192] pci 0000:00:01.0: Activating ISA DMA hang workarounds
[    1.680882] Unpacking initramfs...
[    1.724880] Freeing initrd memory: 14888K
[    1.724880] clocksource: tsc: mask: 0xffffffffffffffff max_cycles: 0x396d5b41a85, max_idle_ns: 881590480540 ns
[    1.724880] platform rtc_cmos: registered platform RTC device (no PNP device found)
[    1.724880] Scanning for low memory corruption every 60 seconds
[    2.393892] audit: initializing netlink subsys (disabled)
[    2.402360] audit: type=2000 audit(1628654376.959:1): initialized
[    2.412679] Initialise system trusted keyring
[    2.420438] HugeTLB registered 2 MB page size, pre-allocated 0 pages
[    2.434159] zbud: loaded
[    2.440525] VFS: Disk quotas dquot_6.6.0
[    2.446369] VFS: Dquot-cache hash table entries: 512 (order 0, 4096 bytes)
[    2.456169] squashfs: version 4.0 (2009/01/31) Phillip Lougher
[    2.464797] fuse init (API version 7.23)
[    2.470935] Key type big_key registered
[    2.475976] Allocating IMA MOK and blacklist keyrings.
[    2.499820] Key type asymmetric registered
[    2.506298] Asymmetric key parser 'x509' registered
[    2.512339] Block layer SCSI generic (bsg) driver version 0.4 loaded (major 249)
[    2.523603] io scheduler noop registered
[    2.529592] io scheduler deadline registered (default)
[    2.537174] io scheduler cfq registered
[    2.543546] pci_hotplug: PCI Hot Plug PCI Core version: 0.5
[    2.547361] pciehp: PCI Express Hot Plug Controller Driver version: 0.4
[    2.547361] ACPI: AC Adapter [AC] (on-line)
[    2.547361] input: Power Button as /devices/LNXSYSTM:00/LNXPWRBN:00/input/input0
[    2.547361] ACPI: Power Button [PWRF]
[    2.547361] input: Sleep Button as /devices/LNXSYSTM:00/LNXSLPBN:00/input/input1
[    2.547361] ACPI: Sleep Button [SLPF]
[    2.597926] GHES: HEST is not enabled!
[    2.607012] ACPI: Battery Slot [BAT0] (battery present)
[    2.613752] Serial: 8250/16550 driver, 32 ports, IRQ sharing enabled
[    2.651339] 00:02: ttyS0 at I/O 0x3f8 (irq = 4, base_baud = 115200) is a 16550A
[    2.683586] Linux agpgart interface v0.103
[    2.695112] loop: module loaded
[    2.702565] scsi host0: ata_piix
[    2.709121] scsi host1: ata_piix
[    2.713011] ata1: PATA max UDMA/33 cmd 0x1f0 ctl 0x3f6 bmdma 0xd000 irq 14
[    2.721319] ata2: PATA max UDMA/33 cmd 0x170 ctl 0x376 bmdma 0xd008 irq 15
[    2.732579] libphy: Fixed MDIO Bus: probed
[    2.739098] tun: Universal TUN/TAP device driver, 1.6
[    2.745421] tun: (C) 1999-2004 Max Krasnyansky <maxk@qualcomm.com>
[    2.754075] PPP generic driver version 2.4.2
[    2.759705] ehci_hcd: USB 2.0 'Enhanced' Host Controller (EHCI) Driver
[    2.766790] ehci-pci: EHCI PCI platform driver
[    2.772729] ehci-platform: EHCI generic platform driver
[    2.779636] ohci_hcd: USB 1.1 'Open' Host Controller (OHCI) Driver
[    2.787244] ohci-pci: OHCI PCI platform driver
[    2.792455] ohci-platform: OHCI generic platform driver
[    2.798908] uhci_hcd: USB Universal Host Controller Interface driver
[    2.809084] i8042: PNP: PS/2 Controller [PNP0303:PS2K,PNP0f03:PS2M] at 0x60,0x64 irq 1,12
[    2.823837] serio: i8042 KBD port at 0x60,0x64 irq 1
[    2.830207] serio: i8042 AUX port at 0x60,0x64 irq 12
[    2.838953] mousedev: PS/2 mouse device common for all mice
[    2.850788] rtc_cmos rtc_cmos: rtc core: registered rtc_cmos as rtc0
[    2.859715] rtc_cmos rtc_cmos: alarms up to one day, 114 bytes nvram
[    2.870195] i2c /dev entries driver
[    2.876282] device-mapper: uevent: version 1.0.3
[    2.883203] device-mapper: ioctl: 4.34.0-ioctl (2015-10-28) initialised: dm-devel@redhat.com
[    2.897651] ledtrig-cpu: registered to indicate activity on CPUs
[    2.906599] NET: Registered protocol family 10
[    2.931908] input: AT Translated Set 2 keyboard as /devices/platform/i8042/serio0/input/input2
[    2.948310] NET: Registered protocol family 17
[    2.955358] Key type dns_resolver registered
[    2.971583] registered taskstats version 1
[    2.977349] Loading compiled-in X.509 certificates
[    2.985190] Loaded X.509 cert 'Build time autogenerated kernel key: cf00e047681d67edb2720680708b7d9498083038'
[    2.997146] zswap: loaded using pool lzo/zbud
[    3.009699] Key type trusted registered
[    3.029723] Key type encrypted registered
[    3.035175] AppArmor: AppArmor sha1 policy hashing enabled
[    3.043018] ima: No TPM chip found, activating TPM-bypass!
[    3.049463] ima: Allocated hash algorithm: sha1
[    3.056182] evm: HMAC attrs: 0x1
[    3.062482]   Magic number: 1:596:967
[    3.067933] rtc_cmos rtc_cmos: setting system clock to 2021-08-11 03:59:32 UTC (1628654372)
[    3.079143] BIOS EDD facility v0.16 2004-Jun-25, 0 devices found
[    3.086225] EDD information not available.
[    3.096763] Freeing unused kernel memory: 1492K
[    3.098276] Write protecting the kernel read-only data: 14336k
[    3.111269] Freeing unused kernel memory: 1584K
[    3.116734] Freeing unused kernel memory: 52K
Loading, please wait...
starting version 229
[    3.162398] random: systemd-udevd: uninitialized urandom read (16 bytes read, 5 bits of entropy available)
[    3.163347] random: udevadm: uninitialized urandom read (16 bytes read, 5 bits of entropy available)
[    3.163368] random: udevadm: uninitialized urandom read (16 bytes read, 5 bits of entropy available)
[    3.184080] random: udevadm: uninitialized urandom read (16 bytes read, 5 bits of entropy available)
[    3.184124] random: udevadm: uninitialized urandom read (16 bytes read, 5 bits of entropy available)
[    3.184601] random: udevadm: uninitialized urandom read (16 bytes read, 5 bits of entropy available)
[    3.184680] random: udevadm: uninitialized urandom read (16 bytes read, 5 bits of entropy available)
[    3.184755] random: udevadm: uninitialized urandom read (16 bytes read, 5 bits of entropy available)
[    3.184892] random: udevadm: uninitialized urandom read (16 bytes read, 5 bits of entropy available)
[    3.184998] random: udevadm: uninitialized urandom read (16 bytes read, 5 bits of entropy available)
[    3.367647] e1000: Intel(R) PRO/1000 Network Driver - version 7.3.21-k8-NAPI
[    3.378598] e1000: Copyright (c) 1999-2006 Intel Corporation.
[    3.403851] Fusion MPT base driver 3.04.20
[    3.411098] Copyright (c) 1999-2008 LSI Corporation
[    3.468997] Fusion MPT SPI Host driver 3.04.20
[    3.667061] input: ImExPS/2 Generic Explorer Mouse as /devices/platform/i8042/serio1/input/input4
[    4.406178] e1000 0000:00:03.0 eth0: (PCI:33MHz:32-bit) 02:a0:46:b5:71:eb
[    4.414549] e1000 0000:00:03.0 eth0: Intel(R) PRO/1000 Network Connection
[    5.155112] e1000 0000:00:08.0 eth1: (PCI:33MHz:32-bit) 08:00:27:d2:49:de
[    5.164609] e1000 0000:00:08.0 eth1: Intel(R) PRO/1000 Network Connection
[    5.176218] e1000 0000:00:08.0 enp0s8: renamed from eth1
[    5.180151] mptbase: ioc0: Initiating bringup
[    5.201878] e1000 0000:00:03.0 enp0s3: renamed from eth0
[    5.274929] ioc0: LSI53C1030 A0: Capabilities={Initiator}
[    5.885235] scsi host2: ioc0: LSI53C1030 A0, FwRev=00000000h, Ports=1, MaxQ=256, IRQ=20
[    6.037339] scsi 2:0:0:0: Direct-Access     VBOX     HARDDISK         1.0  PQ: 0 ANSI: 5
[    6.047249] scsi target2:0:0: Beginning Domain Validation
[    6.063297] scsi target2:0:0: Domain Validation skipping write tests
[    6.070985] scsi target2:0:0: Ending Domain Validation
[    6.080397] scsi target2:0:0: asynchronous
[    6.091015] scsi 2:0:1:0: Direct-Access     VBOX     HARDDISK         1.0  PQ: 0 ANSI: 5
[    6.101543] scsi target2:0:1: Beginning Domain Validation
[    6.120646] scsi target2:0:1: Domain Validation skipping write tests
[    6.129170] scsi target2:0:1: Ending Domain Validation
[    6.136547] scsi target2:0:1: asynchronous
[    6.174522] sd 2:0:0:0: Attached scsi generic sg0 type 0
[    6.182193] sd 2:0:0:0: [sda] 83886080 512-byte logical blocks: (42.9 GB/40.0 GiB)
[    6.197090] sd 2:0:0:0: [sda] Write Protect is off
[    6.205811] sd 2:0:1:0: Attached scsi generic sg1 type 0
[    6.206354] sd 2:0:1:0: [sdb] 20480 512-byte logical blocks: (10.5 MB/10.0 MiB)
[    6.207638] sd 2:0:1:0: [sdb] Write Protect is off
[    6.208527] sd 2:0:1:0: [sdb] Incomplete mode parameter data
[    6.208528] sd 2:0:1:0: [sdb] Assuming drive cache: write through
[    6.208599] sd 2:0:0:0: [sda] Incomplete mode parameter data
[    6.208600] sd 2:0:0:0: [sda] Assuming drive cache: write through
[    6.222072] sd 2:0:1:0: [sdb] Attached SCSI disk
[    6.222921]  sda: sda1
[    6.227561] sd 2:0:0:0: [sda] Attached SCSI disk
Begin: Loading essential drivers ... [    8.333143] md: linear personality registered for level -1
[    8.345103] md: multipath personality registered for level -4
[    8.357389] md: raid0 personality registered for level 0
[    8.382823] md: raid1 personality registered for level 1
[    8.464538] raid6: sse2x1   gen()  6429 MB/s
[    8.536880] raid6: sse2x1   xor()  4076 MB/s
[    8.608342] raid6: sse2x2   gen()  7527 MB/s
[    8.680392] raid6: sse2x2   xor()  4591 MB/s
[    8.752331] raid6: sse2x4   gen()  8605 MB/s
[    8.824672] raid6: sse2x4   xor()  5484 MB/s
[    8.830261] raid6: using algorithm sse2x4 gen() 8605 MB/s
[    8.837847] raid6: .... xor() 5484 MB/s, rmw enabled
[    8.845816] raid6: using ssse3x2 recovery algorithm
[    8.856535] xor: measuring software checksum speed
[   14.546495]    prefetch64-sse: -1746410.-296 MB/sec
[   14.653955]    generic_sse: 27675.000 MB/sec
[   14.660491] xor: using function: generic_sse (27675.000 MB/sec)
[   14.675637] async_tx: api initialized (async)
[   14.754830] md: raid6 personality registered for level 6
[   14.763685] md: raid5 personality registered for level 5
[   14.771462] md: raid4 personality registered for level 4
[   14.810712] md: raid10 personality registered for level 10
done.
Begin: Running /scripts/init-premount ... done.
Begin: Mounting root file system ... Begin: Running /scripts/local-top ... done.
Begin: Running /scripts/local-premount ... [   14.964205] Btrfs loaded
Scanning for Btrfs filesystems
done.
Warning: fsck not present, so skipping root file system
[   15.073354] EXT4-fs (sda1): mounted filesystem with ordered data mode. Opts: (null)
done.
Begin: Running /scripts/local-bottom ... done.
Begin: Running /scripts/init-bottom ... done.
[   15.411318] systemd[1]: systemd 229 running in system mode. (+PAM +AUDIT +SELINUX +IMA +APPARMOR +SMACK +SYSVINIT +UTMP +LIBCRYPTSETUP +GCRYPT +GNUTLS +ACL +XZ -LZ4 +SECCOMP +BLKID +ELFUTILS +KMOD -IDN)
[   15.442657] systemd[1]: Detected virtualization oracle.
[   15.453435] systemd[1]: Detected architecture x86-64.

Welcome to [1mUbuntu 16.04.7 LTS[0m!

[   15.485569] systemd[1]: Set hostname to <ubuntu>.
[   15.504839] systemd[1]: Initializing machine ID from random generator.
[   15.517352] systemd[1]: Installed transient /etc/machine-id file.
[   15.885989] systemd[1]: Listening on LVM2 metadata daemon socket.
[[0;32m  OK  [0m] Listening on LVM2 metadata daemon socket.
[   15.907750] systemd[1]: Created slice User and Session Slice.
[[0;32m  OK  [0m] Created slice User and Session Slice.
[   15.930911] systemd[1]: Listening on Syslog Socket.
[[0;32m  OK  [0m] Listening on Syslog Socket.
[   15.948019] systemd[1]: Listening on Journal Audit Socket.
[[0;32m  OK  [0m] Listening on Journal Audit Socket.
[   15.966860] systemd[1]: Listening on Device-mapper event daemon FIFOs.
[[0;32m  OK  [0m] Listening on Device-mapper event daemon FIFOs.
[   15.991433] systemd[1]: Listening on fsck to fsckd communication Socket.
[[0;32m  OK  [0m] Listening on fsck to fsckd communication Socket.
[   16.014178] systemd[1]: Listening on udev Control Socket.
[[0;32m  OK  [0m] Listening on udev Control Socket.
[   16.036804] systemd[1]: Set up automount Arbitrary Executable File Formats File System Automount Point.
[[0;32m  OK  [0m] Set up automount Arbitrary Executab...ats File System Automount Point.
[   16.064749] systemd[1]: Started Trigger resolvconf update for networkd DNS.
[[0;32m  OK  [0m] Started Trigger resolvconf update for networkd DNS.
[   16.087310] systemd[1]: Listening on Journal Socket.
[[0;32m  OK  [0m] Listening on Journal Socket.
[   16.106285] systemd[1]: Listening on udev Kernel Socket.
[[0;32m  OK  [0m] Listening on udev Kernel Socket.
[   16.128161] systemd[1]: Started Forward Password Requests to Wall Directory Watch.
[[0;32m  OK  [0m] Started Forward Password Requests to Wall Directory Watch.
[   16.154845] systemd[1]: Listening on Journal Socket (/dev/log).
[[0;32m  OK  [0m] Listening on Journal Socket (/dev/log).
[   16.175481] systemd[1]: Reached target Swap.
[[0;32m  OK  [0m] Reached target Swap.
[   16.195154] systemd[1]: Listening on LVM2 poll daemon socket.
[[0;32m  OK  [0m] Listening on LVM2 poll daemon socket.
[   16.217583] systemd[1]: Created slice System Slice.
[[0;32m  OK  [0m] Created slice System Slice.
[   16.248839] systemd[1]: Mounting Huge Pages File System...
         Mounting Huge Pages File System...
[   16.269272] systemd[1]: Starting Set console keymap...
         Starting Set console keymap...
[   16.290761] systemd[1]: Mounting POSIX Message Queue File System...
         Mounting POSIX Message Queue File System...
[   16.316239] systemd[1]: Created slice system-serial\x2dgetty.slice.
[[0;32m  OK  [0m] Created slice system-serial\x2dgetty.slice.
[   16.339212] systemd[1]: Reached target Slices.
[[0;32m  OK  [0m] Reached target Slices.
[   16.373612] systemd[1]: Starting Monitoring of LVM2 mirrors, snapshots etc. using dmeventd or progress polling...
         Starting Monitoring of LVM2 mirrors... dmeventd or progress polling...
[   16.417988] systemd[1]: Mounting Debug File System...
         Mounting Debug File System...
[   16.451797] systemd[1]: Starting Uncomplicated firewall...
         Starting Uncomplicated firewall...
[   16.489517] systemd[1]: Starting File System Check on Root Device...
[   16.504978] random: nonblocking pool is initialized
         Starting File System Check on Root Device...
[   16.540938] systemd[1]: Starting Journal Service...
         Starting Journal Service...
[   16.590486] systemd[1]: Starting Load Kernel Modules...
         Starting Load Kernel Modules...
[   16.614509] systemd[1]: Starting Nameserver information manager...
         Starting Nameserver information manager...
[   16.645550] systemd[1]: Listening on /dev/initctl Compatibility Named Pipe.
[[0;32m  OK  [0m] Listening on /dev/initctl Compatibility Named Pipe.
[   16.668657] systemd[1]: Reached target User and Group Name Lookups.
[   16.686132] Loading iSCSI transport class v2.0-870.
[[0;32m  OK  [0m] Reached target User and Group Name Lookups.
[   16.706201] systemd[1]: Reached target System Time Synchronized.
[[0;32m  OK  [0m] Reached target System Time Synchronized.
[   16.723241] systemd[1]: Reached target Encrypted Volumes.
[[0;32m  OK  [0m] Reached target Encrypted Volumes.
[   16.759291] iscsi: registered transport (tcp)
[   16.760775] systemd[1]: Starting Create list of required static device nodes for the current kernel...
         Starting Create list of required st... nodes for the current kernel...
[   16.805447] systemd[1]: Mounted POSIX Message Queue File System.
[[0;32m  OK  [0m] Mounted POSIX Message Queue File System.
[   16.827676] systemd[1]: Mounted Huge Pages File System.
[[0;32m  OK  [0m] Mounted Huge Pages File System.
[   16.844446] systemd[1]: Mounted Debug File System.
[[0;32m  OK  [0m] Mounted Debug File System.
[   16.860160] systemd[1]: Started Journal Service.
[[0;32m  OK  [0m] Started Journal Service.
[[0;32m  OK  [0m] Started Set console keymap.
[[0;32m  OK  [0m] Started Uncomplicated firewall.
[[0;32m  OK  [0m] Started File System Check on Root Device.
[[0;32m  OK  [0m] Started Create list of required sta...ce nodes for the current kernel.
[[0;32m  OK  [0m] Started Nameserver information manager.
[[0;32m  OK  [0m] Started File System Check Daemon to report status.
[[0;32m  OK  [0m] Started LVM2 metadata daemon.
         Starting Create Static Device Nodes in /dev...
[   17.090907] iscsi: registered transport (iser)
         Starting Remount Root and Kernel File Systems...
[   17.140512] EXT4-fs (sda1): re-mounted. Opts: (null)
[[0;32m  OK  [0m] Started Load Kernel Modules.
[[0;32m  OK  [0m] Started Create Static Device Nodes in /dev.
[[0;32m  OK  [0m] Started Remount Root and Kernel File Systems.
         Starting Flush Journal to Persistent Storage...
         Starting Load/Save Random Seed...
         Starting udev Coldplug all Devices...
         Starting udev Kernel Device Manager...
         Mounting FUSE Control File System...
         Starting Apply Kernel Variables...
[[0;32m  OK  [0m] Mounted FUSE Control File System.
[[0;32m  OK  [0m] Started Load/Save Random Seed.
[[0;32m  OK  [0m] Started Monitoring of LVM2 mirrors,...ng dmeventd or progress polling.
[[0;32m  OK  [0m] Started Apply Kernel Variables.
[[0;32m  OK  [0m] Started Flush Journal to Persistent Storage.
[[0;32m  OK  [0m] Reached target Local File Systems (Pre).
[[0;32m  OK  [0m] Reached target Local File Systems.
         Starting LSB: AppArmor initialization...
         Starting Commit a transient machine-id on disk...
         Starting Create Volatile Files and Directories...
         Starting Initial cloud-init job (pre-networking)...
         Starting Tell Plymouth To Write Out Runtime Data...
         Starting Set console font and keymap...
[[0;32m  OK  [0m] Started udev Kernel Device Manager.
[[0;32m  OK  [0m] Started udev Coldplug all Devices.
[[0;32m  OK  [0m] Started Commit a transient machine-id on disk.
[[0;32m  OK  [0m] Started Create Volatile Files and Directories.
[[0;32m  OK  [0m] Started Tell Plymouth To Write Out Runtime Data.
         Starting Update UTMP about System Boot/Shutdown...
[[0;32m  OK  [0m] Started Dispatch Password Requests to Console Directory Watch.
[[0;32m  OK  [0m] Started Update UTMP about System Boot/Shutdown.
[[0;32m  OK  [0m] Found device /dev/ttyS0.
[[0;32m  OK  [0m] Listening on Load/Save RF Kill Switch Status /dev/rfkill Watch.
[[0;32m  OK  [0m] Started LSB: AppArmor initialization.
[   21.836085] cloud-init[472]: Cloud-init v. 21.1-19-gbad84ad4-0ubuntu1~16.04.2 running 'init-local' at Wed, 11 Aug 2021 03:59:50 +0000. Up 21.19 seconds.
         Starting Load AppArmor profiles managed internally by snapd...
[[0;32m  OK  [0m] Started Initial cloud-init job (pre-networking).
[[0;32m  OK  [0m] Started Load AppArmor profiles managed internally by snapd.
[[0;32m  OK  [0m] Reached target Network (Pre).
         Starting Raise network interfaces...
[[0;32m  OK  [0m] Started Set console font and keymap.
[[0;32m  OK  [0m] Created slice system-getty.slice.
[[0;32m  OK  [0m] Started Raise network interfaces.
[[0;32m  OK  [0m] Reached target Network.
         Starting Initial cloud-init job (metadata service crawler)...
[   25.943014] cloud-init[946]: Cloud-init v. 21.1-19-gbad84ad4-0ubuntu1~16.04.2 running 'init' at Wed, 11 Aug 2021 03:59:54 +0000. Up 24.65 seconds.
[   25.990394] cloud-init[946]: ci-info: ++++++++++++++++++++++++++++++++++++++Net device info+++++++++++++++++++++++++++++++++++++++
[   26.019803] cloud-init[946]: ci-info: +--------+-------+----------------------------+---------------+--------+-------------------+
[   26.042581] [[0;32m  OK  [0m] Started Initial cloud-init job (metadata service crawler).
[[0;32m  OK  [0m] Reached target Cloud-config availability.
[[0;32m  OK  [0m] Reached target System Initialization.
cloud-init[[0;32m  OK  [0m] Started ACPI Events Check.
[[0;32m  OK  [0m] Reached target Paths.
[[0;32m  OK  [0m] Started Message of the Day.
[[0;32m  OK  [0m] Started Daily apt download activities.
[[0;32m  OK  [0m] Listening on D-Bus System Message Bus Socket.
[[0;32m  OK  [0m] Listening on ACPID Listen Socket.
[[0;32m  OK  [0m] Started Daily apt upgrade and clean activities.
         Starting Socket activation for snappy daemon.
[[0;32m  OK  [0m] Started Daily Cleanup of Temporary Directories.
[946]: ci-info: | Device |   Up  |          Address           |      Mask     | Scope  |     Hw-Address    |
         Starting LXD - unix socket.
[   26.106296] [[0;32m  OK  [0m] Listening on UUID daemon activation socket.
[[0;32m  OK  [0m] Started Ubuntu Advantage update messaging.
[[0;32m  OK  [0m] Reached target Timers.
[[0;32m  OK  [0m] Reached target Network is Online.
cloud-init[946]: ci-info: +--------+-------+----------------------------+---------------+--------+-------------------+
         Starting iSCSI initiator daemon (iscsid)...
[[0;32m  OK  [0m] Listening on Socket activation for snappy daemon.
[[0;32m  OK  [0m] Listening on LXD - unix socket.
[[0;32m  OK  [0m] Reached target Sockets.
[[0;32m  OK  [0m] Reached target Basic System.
         Starting LXD - container startup/shutdown...
         Starting LSB: MD monitoring daemon...
[   26.135546] cloud-init[946]: ci-info: | enp0s3 |  True |         10.0.2.15          | 255.255.255.0 | global | 02:a0:46:b5:71:eb |
[[0;32m  OK  [0m] Started Regular background program processing daemon.
         Starting Virtualbox guest utils...
[[0;32m  OK  [0m] Started FUSE filesystem for LXC.
[   26.183991] cloud-init[946]: ci-info: | enp0s3 |  True | fe80::a0:46ff:feb5:71eb/64 |       .       |  link  | 02:a0:46:b5:71:eb |
[[0;32m  OK  [0m] Started ACPI event daemon.
         Starting Login Service...
[   26.249193] cloud-init[946]:          Starting Accounts Service...
         Starting LSB: Record successful boot for GRUB...
         Starting System Logging Service...
         Starting /etc/rc.local Compatibility...
ci-info: | enp0s8 | False |             .              |       .       |   .    | 08:00:27:d2:49:de |
[[0;32m  OK  [0m] Started D-Bus System Message Bus.
[   26.360020] cloud-init[946]: ci-info: |   lo   |  True |         127.0.0.1          |   255.0.0.0   |  host  |         .         |
[   26.433474] cloud-init[946]: ci-info: |   lo   |  True |          ::1/128           |       .       |  host  |         .         |
[   26.479345] cloud-init[946]: ci-info: +--------+-------+----------------------------+---------------+--------+-------------------+
[   26.512003] cloud-init[[0;32m  OK  [0m] Started Deferred execution scheduler.
[946]:          Starting Pollinate to seed the pseudo random number generator...
         Starting Snap Daemon...
ci-info: +++++++++++++++++++++++++++Route IPv4 info++++++++++++++++++++++++++++[[0;32m  OK  [0m] Started System Logging Service.

[[0;32m  OK  [0m] Started /etc/rc.local Compatibility.
[   26.621529] cloud-init[946]: ci-info: +-------+-------------+----------+---------------+-----------+-------+         Starting Authenticate and Authorize Users to Run Privileged Tasks...
[[0;32m  OK  [0m] Started iSCSI initiator daemon (iscsid).
[[0;32m  OK  [0m] Started Login Service.
[[0;32m  OK  [0m] Started Unattended Upgrades Shutdown.
         Starting Login to default iSCSI targets...

[   26.919603] cloud-init[[0;32m  OK  [0m] Started LSB: Record successful boot for GRUB.
[[0;32m  OK  [0m] Started LSB: MD monitoring daemon.
[946]: ci-info: | Route | Destination | Gateway  |    Genmask    | Interface | Flags |
[[0;32m  OK  [0m] Started LXD - container startup/shutdown.
[[0;32m  OK  [0m] Started Login to default iSCSI targets.
[[0;32m  OK  [0m] Reached target Remote File Systems (Pre).
[[0;32m  OK  [0m] Reached target Remote File Systems.
         Starting Permit User Sessions...
         Starting LSB: automatic crash report generation...
         Starting LSB: daemon to balance interrupts for SMP systems...
         Starting LSB: Set the CPU Frequency Scaling governor to "ondemand"...
[   26.991919] cloud-init[946]: [[0;32m  OK  [0m] Started Permit User Sessions.
ci-info: +-------+-------------+----------+---------------+-----------+-------+         Starting Terminate Plymouth Boot Screen...

[   27.198362] cloud-init         Starting Hold until boot process finishes up...
[946]: [[0;32m  OK  [0m] Started Terminate Plymouth Boot Screen.
[[0;32m  OK  [0m] Started Hold until boot process finishes up.
[[0;32m  OK  [0m] Started Authenticate and Authorize Users to Run Privileged Tasks.
[[0;32m  OK  [0m] Started Accounts Service.
ci-info: |   0   |   0.0.0.0   | 10.0.2.2 |    0.0.0.0    |   enp0s3  |   UG  |[[0;32m  OK  [0m] Started Getty on tty1.
         Starting Set console scheme...
[[0;32m  OK  [0m] Started Serial Getty on ttyS0.
[[0;32m  OK  [0m] Reached target Login Prompts.

[   27.352941] cloud-init[946]: [[0;32m  OK  [0m] Started LSB: Set the CPU Frequency Scaling governor to "ondemand".
ci-info: |   1   |   10.0.2.0  | 0.0.0.0  | 255.255.255.0 |   enp0s3  |   U   |
[   27.425787] cloud-init[946]: ci-info: +-------+-------------+----------+---------------+-----------+-------+[[0;32m  OK  [0m] Started Set console scheme.
[[0;32m  OK  [0m] Started LSB: daemon to balance interrupts for SMP systems.
[[0;32m  OK  [0m] Started LSB: automatic crash report generation.

[   27.517556] cloud-init[946]: ci-info: +++++++++++++++++++Route IPv6 info+++++++++++++++++++
[   27.587753] cloud-init[946]: ci-info: +-------+-------------+---------+-----------+-------+
[   27.653521] cloud-init[946]: ci-info: | Route | Destination | Gateway | Interface | Flags |
[   27.747112] [[0;32m  OK  [0m] Started Virtualbox guest utils.
cloud-init[946]: ci-info: +-------+-------------+---------+-----------+-------+
[   27.849212] cloud-init[946]: ci-info: |   0   |  fe80::/64  |    ::   |   enp0s3  |   U   |
[   27.910016] cloud-init[946]: ci-info: |   3   |   ff00::/8  |    ::   |   enp0s3  |   U   |
[   27.989446] cloud-init[946]: ci-info: +-------+-------------+---------+-----------+-------+
[   28.043871] cloud-init[946]: Generating public/private rsa key pair.
[   28.129040] cloud-init[946]: Your identification has been saved in /etc/ssh/ssh_host_rsa_key.
[   28.157117] cloud-init[946]: Your public key has been saved in /etc/ssh/ssh_host_rsa_key.pub.
[   28.169331] cloud-init[946]: The key fingerprint is:
[   28.181592] cloud-init[946]: SHA256:RmcnFqfLBrQc1C1/Mz73tARsQdqYcQvBRcxcfGXQSjc root@ubuntu-xenial
[   28.192396] cloud-init[946]: The key's randomart image is:
[   28.208772] cloud-init[946]: +---[RSA 2048]----+
[   28.218758] cloud-init[946]: |       .+.o=X=+++|
[   28.230434] cloud-init[946]: |       o oo=X=oE+|
[   28.248842] cloud-init[946]: |        = **o+.oo|
[   28.264891] cloud-init[946]: |       . * +.+=  |
[   28.282859] cloud-init[946]: |        S + .o.o |
[   28.303647] cloud-init[946]: |       . .    o.o|
[   28.326423] cloud-init[946]: |              .+o|
[   28.366806] cloud-init[946]: |               ..|
[   28.407170] cloud-init[946]: |                 |
[   28.435394] cloud-init[946]: +----[SHA256]-----+
[   28.458871] cloud-init[946]: Generating public/private dsa key pair.
[   28.473509] cloud-init[946]: Your identification has been saved in /etc/ssh/ssh_host_dsa_key.
[   28.485246] cloud-init[946]: Your public key has been saved in /etc/ssh/ssh_host_dsa_key.pub.
[   28.498159] cloud-init[946]: The key fingerprint is:
[   28.508854] cloud-init[946]: SHA256:zamqqGBkgCfx3ZfW2g5VQUgbNYX4O81KXGEpZgMA388 root@ubuntu-xenial
[   28.522652] cloud-init[946]: The key's randomart image is:
[   28.539744] cloud-init[946]: +---[DSA 1024]----+
[   28.607718] cloud-init[946]: |.     ...o+**+.. |
[   28.650178] cloud-init[946]: |.o . . . +o+*.+  |
[   28.672036] cloud-init[946]: |+ o . . = =+ + . |
[   28.705088] cloud-init[946]: |.o     o * +. .  |
[   28.740664] cloud-init[946]: | o      S =.E=   |
[   28.784326] cloud-init[946]: |o        +  = o  |
[   28.804516] cloud-init[946]: |..      . .. o   |
[   28.826957] cloud-init[946]: |o  .   .    .    |
[   28.847068] cloud-init[946]: |... ...          |
[   28.872527] cloud-init[946]: +----[SHA256]-----+
[[0;32m  OK  [0m] Started Snap Daemon.
[   28.903681] cloud-init[946]: Generating public/private ecdsa key pair.
[   28.941576]          Starting Wait until snapd is fully seeded...
cloud-init[946]: Your identification has been saved in /etc/ssh/ssh_host_ecdsa_key.
[   28.995848] cloud-init[946]: Your public key has been saved in /etc/ssh/ssh_host_ecdsa_key.pub.
[   29.030534] cloud-init[946]: The key fingerprint is:
[   29.052366] cloud-init[946]: SHA256:Mqrjdw8rJEG+TMwVgexO2UxcGe1xOf16fMJKisfd3AY root@ubuntu-xenial
[   29.082985] cloud-init[946]: The key's randomart image is:
[   29.131130] cloud-init[946]: +---[ECDSA 256]---+
[   29.186569] cloud-init[946]: | . oo+o+   o     |
[   29.291177] cloud-init[946]: |  + + . o + .    |
[   29.328799] cloud-init[946]: | * *   . o . .   |
[   29.356411] cloud-init[946]: |  X o   .     .  |
[   29.378558] cloud-init[946]: | = o  o S    +   |
[   29.428438] cloud-init[946]: |  = .. o    o E .|
[   29.485555] cloud-init[946]: |   o. .  o + = = |
[   29.507174] cloud-init[946]: |  ..o .o. + o o o|
[   29.527657] cloud-init[946]: | .oo o....     . |
[   29.558919] cloud-init[946]: +----[SHA256]-----+
[   29.589128] cloud-init[946]: Generating public/private ed25519 key pair.
[   29.605193] cloud-init[946]: Your identification has been saved in /etc/ssh/ssh_host_ed25519_key.
[   29.623120] cloud-init[946]: Your public key has been saved in /etc/ssh/ssh_host_ed25519_key.pub.
[   29.636079] cloud-init[946]: The key fingerprint is:
[   29.650706] cloud-init[946]: SHA256:8hx8cSGLacFcD+yTyZYGQYa/F96acDetGQ3wauRYcks root@ubuntu-xenial
[   29.669316] cloud-init[946]: The key's randomart image is:
[   29.681774] cloud-init[946]: +--[ED25519 256]--+
[   29.706564] cloud-init[946]: |       ==++ .    |
[   29.719304] cloud-init[946]: |      ..++o= .   |
[   29.737450] cloud-init[946]: |       .++o*o    |
[   29.749929] cloud-init[946]: |       oo Eoo    |
[   29.758615] cloud-init[946]: |      . S&.* +   |
[   29.777413] cloud-init[946]: |       ++oO = o  |
[   29.811005] cloud-init[946]: |        o= + =   |
[   29.836801] cloud-init[946]: |          o o    |
[   29.865159] cloud-init[946]: |                 |
[   29.896834] cloud-init[946]: +----[SHA256]-----+
[[0;32m  OK  [0m] Started Pollinate to seed the pseudo random number generator.
         Starting OpenBSD Secure Shell server...
[[0;32m  OK  [0m] Started OpenBSD Secure Shell server.
[[0;32m  OK  [0m] Created slice User Slice of vagrant.
         Starting User Manager for UID 1000...
[[0;32m  OK  [0m] Started Session 1 of user vagrant.
[[0;32m  OK  [0m] Started User Manager for UID 1000.

Ubuntu 16.04.7 LTS ubuntu-xenial ttyS0

ubuntu-xenial login: [   37.430791] cloud-init[1535]: Generating locales (this might take a while)...
[   39.733886] cloud-init[1535]:   en_US.UTF-8... done
[   39.739753] cloud-init[1535]: Generation complete.
[   40.421866] cloud-init[1535]: Cloud-init v. 21.1-19-gbad84ad4-0ubuntu1~16.04.2 running 'modules:config' at Wed, 11 Aug 2021 04:00:06 +0000. Up 37.15 seconds.
ci-info: no authorized SSH keys fingerprints found for user ubuntu.
<14>Aug 11 04:00:10 ec2: 
<14>Aug 11 04:00:10 ec2: #############################################################
<14>Aug 11 04:00:10 ec2: -----BEGIN SSH HOST KEY FINGERPRINTS-----
<14>Aug 11 04:00:10 ec2: 1024 SHA256:zamqqGBkgCfx3ZfW2g5VQUgbNYX4O81KXGEpZgMA388 root@ubuntu-xenial (DSA)
<14>Aug 11 04:00:10 ec2: 256 SHA256:Mqrjdw8rJEG+TMwVgexO2UxcGe1xOf16fMJKisfd3AY root@ubuntu-xenial (ECDSA)
<14>Aug 11 04:00:10 ec2: 256 SHA256:8hx8cSGLacFcD+yTyZYGQYa/F96acDetGQ3wauRYcks root@ubuntu-xenial (ED25519)
<14>Aug 11 04:00:10 ec2: 2048 SHA256:RmcnFqfLBrQc1C1/Mz73tARsQdqYcQvBRcxcfGXQSjc root@ubuntu-xenial (RSA)
<14>Aug 11 04:00:10 ec2: -----END SSH HOST KEY FINGERPRINTS-----
<14>Aug 11 04:00:10 ec2: #############################################################
-----BEGIN SSH HOST KEY KEYS-----
ecdsa-sha2-nistp256 AAAAE2VjZHNhLXNoYTItbmlzdHAyNTYAAAAIbmlzdHAyNTYAAABBBA/YQel7nxpyhc6Ujuq7NrGmj2K93j0odgX9bR4LH3Qe26hlCc49Q+tJeBx+8wD1mA8VIVZFX08kMAyhqYlou3g= root@ubuntu-xenial
ssh-ed25519 AAAAC3NzaC1lZDI1NTE5AAAAIDG3/wapC5S6gByDG0BD7okrt5uAoygvlGyjwvvR0WCO root@ubuntu-xenial
ssh-rsa AAAAB3NzaC1yc2EAAAADAQABAAABAQCsoXhW02k+nIh0w50Qk9rUF/zlqJPigXdDvUI0Uwfc/L9mRtEGQ/eSgMgde6j7cY5m7rk5tXt1cuJhkCiQgjWmTEM4v5AcI5PgAf1dKM7IrnLuDj2AZP5PGxGyP5FNu4JP7/Mdrjeb7PKq7L5+stIFpAUeRKlkPM5ThkjYBf9KitiPtTLxTNe8Kkru7OoKfbQP+etPnrrRorX9ptuGNov268q4fqo6mPI9TQ++LQTWfJrYLtoOftQF5BAuqJa78sMbPAPJwQEtenohImBDZgIZIvXDs2OmS4ujeJxiWd0paE5o7oL99EMKRTZp7wNzxQQRlPhXJWfuACvql7x85juD root@ubuntu-xenial
-----END SSH HOST KEY KEYS-----
[   41.383407] cloud-init[1794]: Cloud-init v. 21.1-19-gbad84ad4-0ubuntu1~16.04.2 running 'modules:final' at Wed, 11 Aug 2021 04:00:10 +0000. Up 41.03 seconds.
[   41.402727] cloud-init[1794]: ci-info: no authorized SSH keys fingerprints found for user ubuntu.
[   41.419629] cloud-init[1794]: Cloud-init v. 21.1-19-gbad84ad4-0ubuntu1~16.04.2 finished at Wed, 11 Aug 2021 04:00:10 +0000. Datasource DataSourceNoCloud [seed=/dev/sdb][dsmode=net].  Up 41.36 seconds
